<?xml version="1.0" encoding="UTF-8"?>
<!-- Generated by org.testng.reporters.JUnitReportReporter -->
<testsuite skipped="0" hostname="DESKTOP-PJ5JRQT" name="com.bdd.utilities.TestExtenReport" tests="2" failures="0" timestamp="21 Aug 2021 10:06:10 GMT" time="10.235" errors="0">
  <testcase name="extentTest" time="10.127" classname="com.bdd.utilities.TestExtenReport"/>
  <testcase name="newTest" time="0.108" classname="com.bdd.utilities.TestExtenReport"/>
</testsuite> <!-- com.bdd.utilities.TestExtenReport -->
